Determining if the system is big endian passed with the following output:
Change Dir: /home/inilabs/code/libcaer/CMakeFiles/CMakeTmp

Run Build Command:"/usr/bin/make" "cmTC_4b34b/fast"
/usr/bin/make -f CMakeFiles/cmTC_4b34b.dir/build.make CMakeFiles/cmTC_4b34b.dir/build
make[1]: Entering directory '/home/inilabs/code/libcaer/CMakeFiles/CMakeTmp'
Building C object CMakeFiles/cmTC_4b34b.dir/TestEndianess.c.o
/usr/bin/cc     -o CMakeFiles/cmTC_4b34b.dir/TestEndianess.c.o   -c /home/inilabs/code/libcaer/CMakeFiles/CMakeTmp/TestEndianess.c
Linking C executable cmTC_4b34b
/usr/bin/cmake -E cmake_link_script CMakeFiles/cmTC_4b34b.dir/link.txt --verbose=1
/usr/bin/cc       CMakeFiles/cmTC_4b34b.dir/TestEndianess.c.o  -o cmTC_4b34b -rdynamic 
make[1]: Leaving directory '/home/inilabs/code/libcaer/CMakeFiles/CMakeTmp'

TestEndianess.c:
/* A 16 bit integer is required. */
typedef unsigned short cmakeint16;

/* On a little endian machine, these 16bit ints will give "THIS IS LITTLE ENDIAN."
   On a big endian machine the characters will be exchanged pairwise. */
const cmakeint16 info_little[] =  {0x4854, 0x5349, 0x4920, 0x2053, 0x494c, 0x5454, 0x454c, 0x4520, 0x444e, 0x4149, 0x2e4e, 0x0000};

/* on a big endian machine, these 16bit ints will give "THIS IS BIG ENDIAN."
   On a little endian machine the characters will be exchanged pairwise. */
const cmakeint16 info_big[] =     {0x5448, 0x4953, 0x2049, 0x5320, 0x4249, 0x4720, 0x454e, 0x4449, 0x414e, 0x2e2e, 0x0000};

#ifdef __CLASSIC_C__
int main(argc, argv) int argc; char *argv[];
#else
int main(int argc, char *argv[])
#endif
{
  int require = 0;
  require += info_little[argc];
  require += info_big[argc];
  (void)argv;
  return require;
}


Determining if the pthread_create exist failed with the following output:
Change Dir: /home/inilabs/code/libcaer/CMakeFiles/CMakeTmp

Run Build Command:"/usr/bin/make" "cmTC_680bb/fast"
/usr/bin/make -f CMakeFiles/cmTC_680bb.dir/build.make CMakeFiles/cmTC_680bb.dir/build
make[1]: Entering directory '/home/inilabs/code/libcaer/CMakeFiles/CMakeTmp'
Building C object CMakeFiles/cmTC_680bb.dir/CheckSymbolExists.c.o
/usr/bin/cc     -o CMakeFiles/cmTC_680bb.dir/CheckSymbolExists.c.o   -c /home/inilabs/code/libcaer/CMakeFiles/CMakeTmp/CheckSymbolExists.c
Linking C executable cmTC_680bb
/usr/bin/cmake -E cmake_link_script CMakeFiles/cmTC_680bb.dir/link.txt --verbose=1
/usr/bin/cc       CMakeFiles/cmTC_680bb.dir/CheckSymbolExists.c.o  -o cmTC_680bb -rdynamic 
CMakeFiles/cmTC_680bb.dir/CheckSymbolExists.c.o: In function `main':
CheckSymbolExists.c:(.text+0x16): undefined reference to `pthread_create'
collect2: error: ld returned 1 exit status
CMakeFiles/cmTC_680bb.dir/build.make:97: recipe for target 'cmTC_680bb' failed
make[1]: *** [cmTC_680bb] Error 1
make[1]: Leaving directory '/home/inilabs/code/libcaer/CMakeFiles/CMakeTmp'
Makefile:126: recipe for target 'cmTC_680bb/fast' failed
make: *** [cmTC_680bb/fast] Error 2

File /home/inilabs/code/libcaer/CMakeFiles/CMakeTmp/CheckSymbolExists.c:
/* */
#include <pthread.h>

int main(int argc, char** argv)
{
  (void)argv;
#ifndef pthread_create
  return ((int*)(&pthread_create))[argc];
#else
  (void)argc;
  return 0;
#endif
}

Determining if the function pthread_create exists in the pthreads failed with the following output:
Change Dir: /home/inilabs/code/libcaer/CMakeFiles/CMakeTmp

Run Build Command:"/usr/bin/make" "cmTC_ca161/fast"
/usr/bin/make -f CMakeFiles/cmTC_ca161.dir/build.make CMakeFiles/cmTC_ca161.dir/build
make[1]: Entering directory '/home/inilabs/code/libcaer/CMakeFiles/CMakeTmp'
Building C object CMakeFiles/cmTC_ca161.dir/CheckFunctionExists.c.o
/usr/bin/cc    -DCHECK_FUNCTION_EXISTS=pthread_create   -o CMakeFiles/cmTC_ca161.dir/CheckFunctionExists.c.o   -c /usr/share/cmake-3.5/Modules/CheckFunctionExists.c
Linking C executable cmTC_ca161
/usr/bin/cmake -E cmake_link_script CMakeFiles/cmTC_ca161.dir/link.txt --verbose=1
/usr/bin/cc   -DCHECK_FUNCTION_EXISTS=pthread_create    CMakeFiles/cmTC_ca161.dir/CheckFunctionExists.c.o  -o cmTC_ca161 -rdynamic -lpthreads 
/usr/bin/ld: cannot find -lpthreads
collect2: error: ld returned 1 exit status
CMakeFiles/cmTC_ca161.dir/build.make:97: recipe for target 'cmTC_ca161' failed
make[1]: *** [cmTC_ca161] Error 1
make[1]: Leaving directory '/home/inilabs/code/libcaer/CMakeFiles/CMakeTmp'
Makefile:126: recipe for target 'cmTC_ca161/fast' failed
make: *** [cmTC_ca161/fast] Error 2


Determining if the system is big endian passed with the following output:
Change Dir: /home/inilabs/code/libcaer/CMakeFiles/CMakeTmp

Run Build Command:"/usr/bin/make" "cmTC_04ade/fast"
/usr/bin/make -f CMakeFiles/cmTC_04ade.dir/build.make CMakeFiles/cmTC_04ade.dir/build
make[1]: Entering directory '/home/inilabs/code/libcaer/CMakeFiles/CMakeTmp'
Building C object CMakeFiles/cmTC_04ade.dir/TestEndianess.c.o
/usr/bin/cc     -o CMakeFiles/cmTC_04ade.dir/TestEndianess.c.o   -c /home/inilabs/code/libcaer/CMakeFiles/CMakeTmp/TestEndianess.c
Linking C executable cmTC_04ade
/usr/bin/cmake -E cmake_link_script CMakeFiles/cmTC_04ade.dir/link.txt --verbose=1
/usr/bin/cc       CMakeFiles/cmTC_04ade.dir/TestEndianess.c.o  -o cmTC_04ade -rdynamic 
make[1]: Leaving directory '/home/inilabs/code/libcaer/CMakeFiles/CMakeTmp'

TestEndianess.c:
/* A 16 bit integer is required. */
typedef unsigned short cmakeint16;

/* On a little endian machine, these 16bit ints will give "THIS IS LITTLE ENDIAN."
   On a big endian machine the characters will be exchanged pairwise. */
const cmakeint16 info_little[] =  {0x4854, 0x5349, 0x4920, 0x2053, 0x494c, 0x5454, 0x454c, 0x4520, 0x444e, 0x4149, 0x2e4e, 0x0000};

/* on a big endian machine, these 16bit ints will give "THIS IS BIG ENDIAN."
   On a little endian machine the characters will be exchanged pairwise. */
const cmakeint16 info_big[] =     {0x5448, 0x4953, 0x2049, 0x5320, 0x4249, 0x4720, 0x454e, 0x4449, 0x414e, 0x2e2e, 0x0000};

#ifdef __CLASSIC_C__
int main(argc, argv) int argc; char *argv[];
#else
int main(int argc, char *argv[])
#endif
{
  int require = 0;
  require += info_little[argc];
  require += info_big[argc];
  (void)argv;
  return require;
}


Determining if the pthread_create exist failed with the following output:
Change Dir: /home/inilabs/code/libcaer/CMakeFiles/CMakeTmp

Run Build Command:"/usr/bin/make" "cmTC_62976/fast"
/usr/bin/make -f CMakeFiles/cmTC_62976.dir/build.make CMakeFiles/cmTC_62976.dir/build
make[1]: Entering directory '/home/inilabs/code/libcaer/CMakeFiles/CMakeTmp'
Building C object CMakeFiles/cmTC_62976.dir/CheckSymbolExists.c.o
/usr/bin/cc     -o CMakeFiles/cmTC_62976.dir/CheckSymbolExists.c.o   -c /home/inilabs/code/libcaer/CMakeFiles/CMakeTmp/CheckSymbolExists.c
Linking C executable cmTC_62976
/usr/bin/cmake -E cmake_link_script CMakeFiles/cmTC_62976.dir/link.txt --verbose=1
/usr/bin/cc       CMakeFiles/cmTC_62976.dir/CheckSymbolExists.c.o  -o cmTC_62976 -rdynamic 
CMakeFiles/cmTC_62976.dir/CheckSymbolExists.c.o: In function `main':
CheckSymbolExists.c:(.text+0x16): undefined reference to `pthread_create'
collect2: error: ld returned 1 exit status
CMakeFiles/cmTC_62976.dir/build.make:97: recipe for target 'cmTC_62976' failed
make[1]: *** [cmTC_62976] Error 1
make[1]: Leaving directory '/home/inilabs/code/libcaer/CMakeFiles/CMakeTmp'
Makefile:126: recipe for target 'cmTC_62976/fast' failed
make: *** [cmTC_62976/fast] Error 2

File /home/inilabs/code/libcaer/CMakeFiles/CMakeTmp/CheckSymbolExists.c:
/* */
#include <pthread.h>

int main(int argc, char** argv)
{
  (void)argv;
#ifndef pthread_create
  return ((int*)(&pthread_create))[argc];
#else
  (void)argc;
  return 0;
#endif
}

Determining if the function pthread_create exists in the pthreads failed with the following output:
Change Dir: /home/inilabs/code/libcaer/CMakeFiles/CMakeTmp

Run Build Command:"/usr/bin/make" "cmTC_03708/fast"
/usr/bin/make -f CMakeFiles/cmTC_03708.dir/build.make CMakeFiles/cmTC_03708.dir/build
make[1]: Entering directory '/home/inilabs/code/libcaer/CMakeFiles/CMakeTmp'
Building C object CMakeFiles/cmTC_03708.dir/CheckFunctionExists.c.o
/usr/bin/cc    -DCHECK_FUNCTION_EXISTS=pthread_create   -o CMakeFiles/cmTC_03708.dir/CheckFunctionExists.c.o   -c /usr/share/cmake-3.5/Modules/CheckFunctionExists.c
Linking C executable cmTC_03708
/usr/bin/cmake -E cmake_link_script CMakeFiles/cmTC_03708.dir/link.txt --verbose=1
/usr/bin/cc   -DCHECK_FUNCTION_EXISTS=pthread_create    CMakeFiles/cmTC_03708.dir/CheckFunctionExists.c.o  -o cmTC_03708 -rdynamic -lpthreads 
/usr/bin/ld: cannot find -lpthreads
collect2: error: ld returned 1 exit status
CMakeFiles/cmTC_03708.dir/build.make:97: recipe for target 'cmTC_03708' failed
make[1]: *** [cmTC_03708] Error 1
make[1]: Leaving directory '/home/inilabs/code/libcaer/CMakeFiles/CMakeTmp'
Makefile:126: recipe for target 'cmTC_03708/fast' failed
make: *** [cmTC_03708/fast] Error 2


